# JRE version: Java(TM) SE Runtime Environment (8.0_211-b12) (build 1.8.0_211-b12)
# Java VM: Java HotSpot(TM) 64-Bit Server VM (25.211-b12 mixed mode windows-amd64 compressed oops)
Heap:
 PSYoungGen      total 550912K, used 20301K [0x00000000d5580000, 0x0000000100000000, 0x0000000100000000)
  eden space 400896K, 5% used [0x00000000d5580000,0x00000000d69537f0,0x00000000edd00000)
  from space 150016K, 0% used [0x00000000f6d80000,0x00000000f6d80000,0x0000000100000000)
  to   space 147968K, 0% used [0x00000000edd00000,0x00000000edd00000,0x00000000f6d80000)
 ParOldGen       total 480768K, used 68131K [0x0000000080000000, 0x000000009d580000, 0x00000000d5580000)
  object space 480768K, 14% used [0x0000000080000000,0x0000000084288e70,0x000000009d580000)
 Metaspace       used 140095K, capacity 148870K, committed 169600K, reserved 1198080K
  class space    used 17721K, capacity 19162K, committed 21888K, reserved 1048576K
GC Heap History (10 events):
Event: 13178.334 GC heap before
{Heap before GC invocations=70 (full 7):
 PSYoungGen      total 547840K, used 447745K [0x00000000d5580000, 0x00000000ff000000, 0x0000000100000000)
  eden space 413184K, 100% used [0x00000000d5580000,0x00000000ee900000,0x00000000ee900000)
  from space 134656K, 25% used [0x00000000f6c80000,0x00000000f8e407b8,0x00000000ff000000)
  to   space 134656K, 0% used [0x00000000ee900000,0x00000000ee900000,0x00000000f6c80000)
 ParOldGen       total 480768K, used 51826K [0x0000000080000000, 0x000000009d580000, 0x00000000d5580000)
  object space 480768K, 10% used [0x0000000080000000,0x000000008329c870,0x000000009d580000)
 Metaspace       used 139918K, capacity 148840K, committed 169472K, reserved 1198080K
  class space    used 17737K, capacity 19191K, committed 21760K, reserved 1048576K
Event: 13178.490 GC heap after
Heap after GC invocations=70 (full 7):
 PSYoungGen      total 547840K, used 94190K [0x00000000d5580000, 0x0000000100000000, 0x0000000100000000)
  eden space 413184K, 0% used [0x00000000d5580000,0x00000000d5580000,0x00000000ee900000)
  from space 134656K, 69% used [0x00000000ee900000,0x00000000f44fba60,0x00000000f6c80000)
  to   space 142336K, 0% used [0x00000000f7500000,0x00000000f7500000,0x0000000100000000)
 ParOldGen       total 480768K, used 51834K [0x0000000080000000, 0x000000009d580000, 0x00000000d5580000)
  object space 480768K, 10% used [0x0000000080000000,0x000000008329e870,0x000000009d580000)
 Metaspace       used 139918K, capacity 148840K, committed 169472K, reserved 1198080K
  class space    used 17737K, capacity 19191K, committed 21760K, reserved 1048576K
}
Event: 13182.800 GC heap before
{Heap before GC invocations=71 (full 7):
 PSYoungGen      total 547840K, used 507374K [0x00000000d5580000, 0x0000000100000000, 0x0000000100000000)
  eden space 413184K, 100% used [0x00000000d5580000,0x00000000ee900000,0x00000000ee900000)
  from space 134656K, 69% used [0x00000000ee900000,0x00000000f44fba60,0x00000000f6c80000)
  to   space 142336K, 0% used [0x00000000f7500000,0x00000000f7500000,0x0000000100000000)
 ParOldGen       total 480768K, used 51834K [0x0000000080000000, 0x000000009d580000, 0x00000000d5580000)
  object space 480768K, 10% used [0x0000000080000000,0x000000008329e870,0x000000009d580000)
 Metaspace       used 140010K, capacity 148928K, committed 169472K, reserved 1198080K
  class space    used 17740K, capacity 19195K, committed 21760K, reserved 1048576K
Event: 13182.877 GC heap after
Heap after GC invocations=71 (full 7):
 PSYoungGen      total 557056K, used 76058K [0x00000000d5580000, 0x0000000100000000, 0x0000000100000000)
  eden space 414720K, 0% used [0x00000000d5580000,0x00000000d5580000,0x00000000eea80000)
  from space 142336K, 53% used [0x00000000f7500000,0x00000000fbf469a8,0x0000000100000000)
  to   space 141824K, 0% used [0x00000000eea80000,0x00000000eea80000,0x00000000f7500000)
 ParOldGen       total 480768K, used 51834K [0x0000000080000000, 0x000000009d580000, 0x00000000d5580000)
  object space 480768K, 10% used [0x0000000080000000,0x000000008329e870,0x000000009d580000)
 Metaspace       used 140010K, capacity 148928K, committed 169472K, reserved 1198080K
  class space    used 17740K, capacity 19195K, committed 21760K, reserved 1048576K
}
Event: 13344.306 GC heap before
{Heap before GC invocations=72 (full 7):
 PSYoungGen      total 557056K, used 490778K [0x00000000d5580000, 0x0000000100000000, 0x0000000100000000)
  eden space 414720K, 100% used [0x00000000d5580000,0x00000000eea80000,0x00000000eea80000)
  from space 142336K, 53% used [0x00000000f7500000,0x00000000fbf469a8,0x0000000100000000)
  to   space 141824K, 0% used [0x00000000eea80000,0x00000000eea80000,0x00000000f7500000)
 ParOldGen       total 480768K, used 51834K [0x0000000080000000, 0x000000009d580000, 0x00000000d5580000)
  object space 480768K, 10% used [0x0000000080000000,0x000000008329e870,0x000000009d580000)
 Metaspace       used 140135K, capacity 149022K, committed 169472K, reserved 1198080K
  class space    used 17743K, capacity 19200K, committed 21760K, reserved 1048576K
Event: 13344.429 GC heap after
Heap after GC invocations=72 (full 7):
 PSYoungGen      total 517120K, used 102054K [0x00000000d5580000, 0x0000000100000000, 0x0000000100000000)
  eden space 414720K, 0% used [0x00000000d5580000,0x00000000d5580000,0x00000000eea80000)
  from space 102400K, 99% used [0x00000000eea80000,0x00000000f4e299c8,0x00000000f4e80000)
  to   space 150016K, 0% used [0x00000000f6d80000,0x00000000f6d80000,0x0000000100000000)
 ParOldGen       total 480768K, used 51834K [0x0000000080000000, 0x000000009d580000, 0x00000000d5580000)
  object space 480768K, 10% used [0x0000000080000000,0x000000008329e870,0x000000009d580000)
 Metaspace       used 140135K, capacity 149022K, committed 169472K, reserved 1198080K
  class space    used 17743K, capacity 19200K, committed 21760K, reserved 1048576K
}
Event: 14151.889 GC heap before
{Heap before GC invocations=73 (full 7):
 PSYoungGen      total 517120K, used 495268K [0x00000000d5580000, 0x0000000100000000, 0x0000000100000000)
  eden space 414720K, 94% used [0x00000000d5580000,0x00000000ed57f7a0,0x00000000eea80000)
  from space 102400K, 99% used [0x00000000eea80000,0x00000000f4e299c8,0x00000000f4e80000)
  to   space 150016K, 0% used [0x00000000f6d80000,0x00000000f6d80000,0x0000000100000000)
 ParOldGen       total 480768K, used 51834K [0x0000000080000000, 0x000000009d580000, 0x00000000d5580000)
  object space 480768K, 10% used [0x0000000080000000,0x000000008329e870,0x000000009d580000)
 Metaspace       used 140222K, capacity 149098K, committed 169600K, reserved 1198080K
  class space    used 17745K, capacity 19202K, committed 21888K, reserved 1048576K
Event: 14151.929 GC heap after
Heap after GC invocations=73 (full 7):
 PSYoungGen      total 550912K, used 22445K [0x00000000d5580000, 0x0000000100000000, 0x0000000100000000)
  eden space 400896K, 0% used [0x00000000d5580000,0x00000000d5580000,0x00000000edd00000)
  from space 150016K, 14% used [0x00000000f6d80000,0x00000000f836b760,0x0000000100000000)
  to   space 147968K, 0% used [0x00000000edd00000,0x00000000edd00000,0x00000000f6d80000)
 ParOldGen       total 480768K, used 56732K [0x0000000080000000, 0x000000009d580000, 0x00000000d5580000)
  object space 480768K, 11% used [0x0000000080000000,0x00000000837673f0,0x000000009d580000)
 Metaspace       used 140222K, capacity 149098K, committed 169600K, reserved 1198080K
  class space    used 17745K, capacity 19202K, committed 21888K, reserved 1048576K
}
Event: 14151.929 GC heap before
{Heap before GC invocations=74 (full 8):
 PSYoungGen      total 550912K, used 22445K [0x00000000d5580000, 0x0000000100000000, 0x0000000100000000)
  eden space 400896K, 0% used [0x00000000d5580000,0x00000000d5580000,0x00000000edd00000)
  from space 150016K, 14% used [0x00000000f6d80000,0x00000000f836b760,0x0000000100000000)
  to   space 147968K, 0% used [0x00000000edd00000,0x00000000edd00000,0x00000000f6d80000)
 ParOldGen       total 480768K, used 56732K [0x0000000080000000, 0x000000009d580000, 0x00000000d5580000)
  object space 480768K, 11% used [0x0000000080000000,0x00000000837673f0,0x000000009d580000)
 Metaspace       used 140222K, capacity 149098K, committed 169600K, reserved 1198080K
  class space    used 17745K, capacity 19202K, committed 21888K, reserved 1048576K
Event: 14152.774 GC heap after
Heap after GC invocations=74 (full 8):
 PSYoungGen      total 550912K, used 0K [0x00000000d5580000, 0x0000000100000000, 0x0000000100000000)
  eden space 400896K, 0% used [0x00000000d5580000,0x00000000d5580000,0x00000000edd00000)
  from space 150016K, 0% used [0x00000000f6d80000,0x00000000f6d80000,0x0000000100000000)
  to   space 147968K, 0% used [0x00000000edd00000,0x00000000edd00000,0x00000000f6d80000)
 ParOldGen       total 480768K, used 68131K [0x0000000080000000, 0x000000009d580000, 0x00000000d5580000)
  object space 480768K, 14% used [0x0000000080000000,0x0000000084288e70,0x000000009d580000)
 Metaspace       used 140093K, capacity 148870K, committed 169600K, reserved 1198080K
  class space    used 17721K, capacity 19162K, committed 21888K, reserved 1048576K
}

